* b2902b0 Agregando Práctica 2 en README
*   6e1158f Merge branch 'css'
|\  
| * 5b91be1 Agregada la información de Programación en lenguajes interpretados
* |   0325b65 Resolviendo conflictos y fusionando ramas
|\ \  
| * | d50d15f Agregando materia Principios de Composición y Diseño
| |/  
* |   614e2f9 Resolviendo conflictos y fusionando ramas
|\ \  
| * | 61e66a0 Agregando materia Diseño de Videojuegos
| |/  
* |   b8b8d8b Resolviendo conflictos y fusionando ramas
|\ \  
| * | 9c902d9 Agregando materia Proyecto App
| |/  
* |   455692f Fusionando Sistemas Operativos
|\ \  
| |/  
|/|   
| * 00e8fe2 Agregando materia Sistemas Operativos
|/  
* f620420 Primer commit limpio
